0 info it worked if it ends with ok
1 verbose cli [ '/usr/local/bin/node',
1 verbose cli   '/usr/local/bin/npm',
1 verbose cli   'i',
1 verbose cli   '--save',
1 verbose cli   'sebknight/express-project#master' ]
2 info using npm@3.10.10
3 info using node@v6.10.3
4 silly loadCurrentTree Starting
5 silly install loadCurrentTree
6 silly install readLocalPackageData
7 silly fetchPackageMetaData sebknight/express-project#master
8 silly fetchOtherPackageData sebknight/express-project#master
9 silly cache add args [ 'sebknight/express-project#master', null ]
10 verbose cache add spec sebknight/express-project#master
11 silly cache add parsed spec Result {
11 silly cache add   raw: 'sebknight/express-project#master',
11 silly cache add   scope: null,
11 silly cache add   escapedName: null,
11 silly cache add   name: null,
11 silly cache add   rawSpec: 'sebknight/express-project#master',
11 silly cache add   spec: 'github:sebknight/express-project#master',
11 silly cache add   type: 'hosted',
11 silly cache add   hosted:
11 silly cache add    { type: 'github',
11 silly cache add      ssh: 'git@github.com:sebknight/express-project.git#master',
11 silly cache add      sshUrl: 'git+ssh://git@github.com/sebknight/express-project.git#master',
11 silly cache add      httpsUrl: 'git+https://github.com/sebknight/express-project.git#master',
11 silly cache add      gitUrl: 'git://github.com/sebknight/express-project.git#master',
11 silly cache add      shortcut: 'github:sebknight/express-project#master',
11 silly cache add      directUrl: 'https://raw.githubusercontent.com/sebknight/express-project/master/package.json' } }
12 verbose addRemoteGit caching sebknight/express-project#master
13 verbose addRemoteGit sebknight/express-project#master is a repository hosted by github
14 silly tryGitProto attempting to clone git://github.com/sebknight/express-project.git#master
15 silly tryClone cloning sebknight/express-project#master via git://github.com/sebknight/express-project.git#master
16 verbose tryClone git-github-com-sebknight-express-project-git-master-794e37a6 not in flight; caching
17 verbose correctMkdir /Users/845870607/.npm/_git-remotes correctMkdir not in flight; initializing
18 verbose makeDirectory /Users/845870607/.npm/_git-remotes creation not in flight; initializing
19 silly makeDirectory /Users/845870607/.npm/_git-remotes uid: 1207993927 gid: 1839057498
20 info git [ 'clone',
20 info git   '--template=/Users/845870607/.npm/_git-remotes/_templates',
20 info git   '--mirror',
20 info git   'git://github.com/sebknight/express-project.git',
20 info git   '/Users/845870607/.npm/_git-remotes/git-github-com-sebknight-express-project-git-master-794e37a6' ]
21 verbose git clone --template=/Users/845870607/.npm/_git-remotes/_templates --mirror git://github.com/sebknight/express-project.git /Users/845870607/.npm/_git-remotes/git-github-com-sebknight-express-project-git-master-794e37a6: Cloning into bare repository '/Users/845870607/.npm/_git-remotes/git-github-com-sebknight-express-project-git-master-794e37a6'...
21 verbose git clone --template=/Users/845870607/.npm/_git-remotes/_templates --mirror git://github.com/sebknight/express-project.git /Users/845870607/.npm/_git-remotes/git-github-com-sebknight-express-project-git-master-794e37a6: fatal: unable to connect to github.com:
21 verbose git clone --template=/Users/845870607/.npm/_git-remotes/_templates --mirror git://github.com/sebknight/express-project.git /Users/845870607/.npm/_git-remotes/git-github-com-sebknight-express-project-git-master-794e37a6: github.com[0: 192.30.255.113]: errno=Connection refused
21 verbose git clone --template=/Users/845870607/.npm/_git-remotes/_templates --mirror git://github.com/sebknight/express-project.git /Users/845870607/.npm/_git-remotes/git-github-com-sebknight-express-project-git-master-794e37a6: github.com[1: 192.30.255.112]: errno=Connection refused
22 silly tryHTTPS attempting to clone git+https://github.com/sebknight/express-project.git#master
23 silly tryClone cloning sebknight/express-project#master via git+https://github.com/sebknight/express-project.git#master
24 verbose tryClone git-https-github-com-sebknight-express-project-git-master-5d37b538 not in flight; caching
25 verbose correctMkdir /Users/845870607/.npm/_git-remotes correctMkdir not in flight; initializing
26 info git [ 'clone',
26 info git   '--template=/Users/845870607/.npm/_git-remotes/_templates',
26 info git   '--mirror',
26 info git   'https://github.com/sebknight/express-project.git',
26 info git   '/Users/845870607/.npm/_git-remotes/git-https-github-com-sebknight-express-project-git-master-5d37b538' ]
27 verbose mirrorRemote sebknight/express-project#master git clone https://github.com/sebknight/express-project.git
28 verbose correctMkdir /Users/845870607/.npm/_git-remotes correctMkdir not in flight; initializing
29 verbose setPermissions sebknight/express-project#master set permissions on /Users/845870607/.npm/_git-remotes/git-https-github-com-sebknight-express-project-git-master-5d37b538
30 verbose resolveHead sebknight/express-project#master original treeish: master
31 info git [ 'rev-list', '-n1', 'master' ]
32 silly resolveHead sebknight/express-project#master resolved treeish: eefd7b965db9dc4359c03c93df22b281b39a5364
33 verbose resolveHead sebknight/express-project#master resolved Git URL: git+https://github.com/sebknight/express-project.git#eefd7b965db9dc4359c03c93df22b281b39a5364
34 silly resolveHead Git working directory: /var/folders/90/08cjwbpx251g7_ht0lw_1v9n4011k7/T/npm-78738-21d2d083/git-cache-57988fde/eefd7b965db9dc4359c03c93df22b281b39a5364
35 info git [ 'clone',
35 info git   '/Users/845870607/.npm/_git-remotes/git-https-github-com-sebknight-express-project-git-master-5d37b538',
35 info git   '/var/folders/90/08cjwbpx251g7_ht0lw_1v9n4011k7/T/npm-78738-21d2d083/git-cache-57988fde/eefd7b965db9dc4359c03c93df22b281b39a5364' ]
36 verbose cloneResolved sebknight/express-project#master clone Cloning into '/var/folders/90/08cjwbpx251g7_ht0lw_1v9n4011k7/T/npm-78738-21d2d083/git-cache-57988fde/eefd7b965db9dc4359c03c93df22b281b39a5364'...
36 verbose cloneResolved done.
37 info git [ 'checkout', 'eefd7b965db9dc4359c03c93df22b281b39a5364' ]
38 verbose checkoutTreeish sebknight/express-project#master checkout Note: checking out 'eefd7b965db9dc4359c03c93df22b281b39a5364'.
38 verbose checkoutTreeish
38 verbose checkoutTreeish You are in 'detached HEAD' state. You can look around, make experimental
38 verbose checkoutTreeish changes and commit them, and you can discard any commits you make in this
38 verbose checkoutTreeish state without impacting any branches by performing another checkout.
38 verbose checkoutTreeish
38 verbose checkoutTreeish If you want to create a new branch to retain commits you create, you may
38 verbose checkoutTreeish do so (now or later) by using -b with the checkout command again. Example:
38 verbose checkoutTreeish
38 verbose checkoutTreeish   git checkout -b <new-branch-name>
38 verbose checkoutTreeish
38 verbose checkoutTreeish HEAD is now at eefd7b9... first commit
39 info git [ 'submodule', '-q', 'update', '--init', '--recursive' ]
40 verbose updateSubmodules sebknight/express-project#master submodule update
41 verbose addLocalDirectory /Users/845870607/.npm/express-project/0.0.1/package.tgz not in flight; packing
42 verbose correctMkdir /Users/845870607/.npm correctMkdir not in flight; initializing
43 verbose tar pack [ '/Users/845870607/.npm/express-project/0.0.1/package.tgz',
43 verbose tar pack   '/var/folders/90/08cjwbpx251g7_ht0lw_1v9n4011k7/T/npm-78738-21d2d083/git-cache-57988fde/eefd7b965db9dc4359c03c93df22b281b39a5364' ]
44 verbose tarball /Users/845870607/.npm/express-project/0.0.1/package.tgz
45 verbose folder /var/folders/90/08cjwbpx251g7_ht0lw_1v9n4011k7/T/npm-78738-21d2d083/git-cache-57988fde/eefd7b965db9dc4359c03c93df22b281b39a5364
46 verbose addLocalTarball adding from inside cache /Users/845870607/.npm/express-project/0.0.1/package.tgz
47 verbose correctMkdir /Users/845870607/.npm correctMkdir not in flight; initializing
48 verbose addRemoteGit data._from: sebknight/express-project#master
49 verbose addRemoteGit data._resolved: git+https://github.com/sebknight/express-project.git#eefd7b965db9dc4359c03c93df22b281b39a5364
50 silly cache afterAdd express-project@0.0.1
51 verbose afterAdd /Users/845870607/.npm/express-project/0.0.1/package/package.json not in flight; writing
52 verbose correctMkdir /Users/845870607/.npm correctMkdir not in flight; initializing
53 verbose afterAdd /Users/845870607/.npm/express-project/0.0.1/package/package.json written
54 silly install normalizeTree
55 silly loadCurrentTree Finishing
56 silly loadIdealTree Starting
57 silly install loadIdealTree
58 silly cloneCurrentTree Starting
59 silly install cloneCurrentTreeToIdealTree
60 silly cloneCurrentTree Finishing
61 silly loadShrinkwrap Starting
62 silly install loadShrinkwrap
63 silly loadShrinkwrap Finishing
64 silly loadAllDepsIntoIdealTree Starting
65 silly install loadAllDepsIntoIdealTree
66 silly rollbackFailedOptional Starting
67 silly rollbackFailedOptional Finishing
68 silly runTopLevelLifecycles Finishing
69 silly install printInstalled
70 verbose stack Error: Refusing to install express-project as a dependency of itself
70 verbose stack     at checkSelf (/usr/local/lib/node_modules/npm/lib/install/validate-args.js:53:14)
70 verbose stack     at Array.<anonymous> (/usr/local/lib/node_modules/npm/node_modules/slide/lib/bind-actor.js:15:8)
70 verbose stack     at LOOP (/usr/local/lib/node_modules/npm/node_modules/slide/lib/chain.js:15:14)
70 verbose stack     at chain (/usr/local/lib/node_modules/npm/node_modules/slide/lib/chain.js:20:5)
70 verbose stack     at /usr/local/lib/node_modules/npm/lib/install/validate-args.js:16:5
70 verbose stack     at /usr/local/lib/node_modules/npm/node_modules/slide/lib/async-map.js:52:35
70 verbose stack     at Array.forEach (native)
70 verbose stack     at /usr/local/lib/node_modules/npm/node_modules/slide/lib/async-map.js:52:11
70 verbose stack     at Array.forEach (native)
70 verbose stack     at asyncMap (/usr/local/lib/node_modules/npm/node_modules/slide/lib/async-map.js:51:8)
71 verbose cwd /Users/845870607/Desktop/vagrantProject/visualisations/www/express-project
72 error Darwin 17.5.0
73 error argv "/usr/local/bin/node" "/usr/local/bin/npm" "i" "--save" "sebknight/express-project#master"
74 error node v6.10.3
75 error npm  v3.10.10
76 error code ENOSELF
77 error Refusing to install express-project as a dependency of itself
78 error If you need help, you may report this error at:
78 error     <https://github.com/npm/npm/issues>
79 verbose exit [ 1, true ]
